<?xml version="1.0" encoding="UTF-8"?>
<coverage generated="1666830407484" clover="3.2.0">
  <project timestamp="1666830407484" name="All files">
    <metrics statements="34" coveredstatements="33" conditionals="15" coveredconditionals="10" methods="12" coveredmethods="12" elements="61" coveredelements="55" complexity="0" loc="34" ncloc="34" packages="1" files="1" classes="1"/>
    <file name="Cpf.ts" path="/Users/lucasigual/workspace/estudos/cursocleancode/cursocleancodeprojeto/src/domain/entities/Cpf.ts">
      <metrics statements="34" coveredstatements="33" conditionals="15" coveredconditionals="10" methods="12" coveredmethods="12"/>
      <line num="8" count="1" type="stmt"/>
      <line num="12" count="6" type="stmt"/>
      <line num="13" count="6" type="stmt"/>
      <line num="14" count="6" type="stmt"/>
      <line num="17" count="6" type="stmt"/>
      <line num="18" count="6" type="cond" truecount="1" falsecount="0"/>
      <line num="19" count="3" type="stmt"/>
      <line num="24" count="54" type="cond" truecount="1" falsecount="0"/>
      <line num="25" count="6" type="stmt"/>
      <line num="28" count="54" type="stmt"/>
      <line num="32" count="24" type="cond" truecount="1" falsecount="0"/>
      <line num="33" count="6" type="stmt"/>
      <line num="39" count="24" type="stmt"/>
      <line num="43" count="6" type="cond" truecount="2" falsecount="1"/>
      <line num="44" count="0" type="stmt"/>
      <line num="46" count="6" type="stmt"/>
      <line num="47" count="6" type="stmt"/>
      <line num="48" count="6" type="stmt"/>
      <line num="52" count="12" type="stmt"/>
      <line num="53" count="12" type="stmt"/>
      <line num="54" count="12" type="stmt"/>
      <line num="55" count="12" type="cond" truecount="2" falsecount="0"/>
      <line num="59" count="6" type="cond" truecount="1" falsecount="4"/>
      <line num="63" count="6" type="stmt"/>
      <line num="64" count="12" type="stmt"/>
      <line num="68" count="12" type="stmt"/>
      <line num="69" count="12" type="stmt"/>
      <line num="70" count="114" type="stmt"/>
      <line num="71" count="114" type="stmt"/>
      <line num="72" count="114" type="stmt"/>
      <line num="73" count="114" type="stmt"/>
      <line num="75" count="12" type="stmt"/>
      <line num="79" count="114" type="stmt"/>
      <line num="83" count="6" type="cond" truecount="2" falsecount="0"/>
    </file>
  </project>
</coverage>
