{"/Users/lucasigual/workspace/estudos/cursocleancode/cursocleancodeprojeto/src/domain/entities/Cpf.ts": {"path":"/Users/lucasigual/workspace/estudos/cursocleancode/cursocleancodeprojeto/src/domain/entities/Cpf.ts","statementMap":{"0":{"start":{"line":12,"column":19},"end":{"line":12,"column":39}},"1":{"start":{"line":13,"column":19},"end":{"line":13,"column":41}},"2":{"start":{"line":14,"column":19},"end":{"line":14,"column":35}},"3":{"start":{"line":17,"column":4},"end":{"line":17,"column":24}},"4":{"start":{"line":18,"column":4},"end":{"line":20,"column":null}},"5":{"start":{"line":19,"column":6},"end":{"line":19,"column":48}},"6":{"start":{"line":24,"column":4},"end":{"line":27,"column":null}},"7":{"start":{"line":25,"column":6},"end":{"line":26,"column":28}},"8":{"start":{"line":28,"column":4},"end":{"line":28,"column":26}},"9":{"start":{"line":32,"column":4},"end":{"line":38,"column":null}},"10":{"start":{"line":33,"column":6},"end":{"line":37,"column":null}},"11":{"start":{"line":39,"column":4},"end":{"line":39,"column":26}},"12":{"start":{"line":43,"column":4},"end":{"line":45,"column":null}},"13":{"start":{"line":44,"column":6},"end":{"line":44,"column":19}},"14":{"start":{"line":46,"column":30},"end":{"line":46,"column":78}},"15":{"start":{"line":47,"column":31},"end":{"line":47,"column":122}},"16":{"start":{"line":48,"column":4},"end":{"line":48,"column":89}},"17":{"start":{"line":52,"column":30},"end":{"line":52,"column":59}},"18":{"start":{"line":53,"column":35},"end":{"line":53,"column":78}},"19":{"start":{"line":54,"column":27},"end":{"line":54,"column":63}},"20":{"start":{"line":55,"column":4},"end":{"line":55,"column":72}},"21":{"start":{"line":59,"column":4},"end":{"line":59,"column":140}},"22":{"start":{"line":63,"column":22},"end":{"line":63,"column":42}},"23":{"start":{"line":64,"column":4},"end":{"line":64,"column":67}},"24":{"start":{"line":64,"column":50},"end":{"line":64,"column":65}},"25":{"start":{"line":68,"column":20},"end":{"line":68,"column":22}},"26":{"start":{"line":69,"column":4},"end":{"line":74,"column":null}},"27":{"start":{"line":69,"column":17},"end":{"line":69,"column":18}},"28":{"start":{"line":70,"column":31},"end":{"line":70,"column":43}},"29":{"start":{"line":71,"column":27},"end":{"line":71,"column":50}},"30":{"start":{"line":72,"column":20},"end":{"line":72,"column":54}},"31":{"start":{"line":73,"column":6},"end":{"line":73,"column":45}},"32":{"start":{"line":75,"column":4},"end":{"line":75,"column":19}},"33":{"start":{"line":79,"column":4},"end":{"line":79,"column":108}},"34":{"start":{"line":79,"column":75},"end":{"line":79,"column":103}},"35":{"start":{"line":83,"column":4},"end":{"line":83,"column":134}},"36":{"start":{"line":8,"column":0},"end":{"line":8,"column":21}}},"fnMap":{"0":{"name":"(anonymous_0)","decl":{"start":{"line":16,"column":2},"end":{"line":16,"column":14}},"loc":{"start":{"line":16,"column":27},"end":{"line":21,"column":3}}},"1":{"name":"(anonymous_1)","decl":{"start":{"line":23,"column":2},"end":{"line":23,"column":14}},"loc":{"start":{"line":23,"column":26},"end":{"line":29,"column":3}}},"2":{"name":"(anonymous_2)","decl":{"start":{"line":31,"column":2},"end":{"line":31,"column":14}},"loc":{"start":{"line":31,"column":26},"end":{"line":40,"column":3}}},"3":{"name":"(anonymous_3)","decl":{"start":{"line":42,"column":10},"end":{"line":42,"column":18}},"loc":{"start":{"line":42,"column":18},"end":{"line":49,"column":3}}},"4":{"name":"(anonymous_4)","decl":{"start":{"line":51,"column":10},"end":{"line":51,"column":26}},"loc":{"start":{"line":51,"column":42},"end":{"line":56,"column":3}}},"5":{"name":"(anonymous_5)","decl":{"start":{"line":58,"column":10},"end":{"line":58,"column":23}},"loc":{"start":{"line":58,"column":23},"end":{"line":60,"column":3}}},"6":{"name":"(anonymous_6)","decl":{"start":{"line":62,"column":10},"end":{"line":62,"column":26}},"loc":{"start":{"line":62,"column":26},"end":{"line":65,"column":3}}},"7":{"name":"(anonymous_7)","decl":{"start":{"line":64,"column":45},"end":{"line":64,"column":46}},"loc":{"start":{"line":64,"column":50},"end":{"line":64,"column":65}}},"8":{"name":"(anonymous_8)","decl":{"start":{"line":67,"column":10},"end":{"line":67,"column":25}},"loc":{"start":{"line":67,"column":40},"end":{"line":76,"column":3}}},"9":{"name":"(anonymous_9)","decl":{"start":{"line":78,"column":10},"end":{"line":78,"column":29}},"loc":{"start":{"line":78,"column":47},"end":{"line":80,"column":3}}},"10":{"name":"(anonymous_10)","decl":{"start":{"line":79,"column":26},"end":{"line":79,"column":27}},"loc":{"start":{"line":79,"column":75},"end":{"line":79,"column":103}}},"11":{"name":"(anonymous_11)","decl":{"start":{"line":82,"column":10},"end":{"line":82,"column":24}},"loc":{"start":{"line":82,"column":98},"end":{"line":84,"column":3}}}},"branchMap":{"0":{"loc":{"start":{"line":18,"column":4},"end":{"line":20,"column":null}},"type":"if","locations":[{"start":{"line":18,"column":4},"end":{"line":20,"column":null}}]},"1":{"loc":{"start":{"line":24,"column":4},"end":{"line":27,"column":null}},"type":"if","locations":[{"start":{"line":24,"column":4},"end":{"line":27,"column":null}}]},"2":{"loc":{"start":{"line":32,"column":4},"end":{"line":38,"column":null}},"type":"if","locations":[{"start":{"line":32,"column":4},"end":{"line":38,"column":null}}]},"3":{"loc":{"start":{"line":43,"column":4},"end":{"line":45,"column":null}},"type":"if","locations":[{"start":{"line":43,"column":4},"end":{"line":45,"column":null}}]},"4":{"loc":{"start":{"line":43,"column":8},"end":{"line":43,"column":56}},"type":"binary-expr","locations":[{"start":{"line":43,"column":8},"end":{"line":43,"column":29}},{"start":{"line":43,"column":33},"end":{"line":43,"column":56}}]},"5":{"loc":{"start":{"line":55,"column":11},"end":{"line":55,"column":71}},"type":"cond-expr","locations":[{"start":{"line":55,"column":39},"end":{"line":55,"column":40}},{"start":{"line":55,"column":43},"end":{"line":55,"column":71}}]},"6":{"loc":{"start":{"line":59,"column":11},"end":{"line":59,"column":139}},"type":"binary-expr","locations":[{"start":{"line":59,"column":11},"end":{"line":59,"column":31}},{"start":{"line":59,"column":35},"end":{"line":59,"column":60}},{"start":{"line":59,"column":64},"end":{"line":59,"column":139}}]},"7":{"loc":{"start":{"line":59,"column":66},"end":{"line":59,"column":138}},"type":"binary-expr","locations":[{"start":{"line":59,"column":66},"end":{"line":59,"column":99}},{"start":{"line":59,"column":103},"end":{"line":59,"column":138}}]},"8":{"loc":{"start":{"line":83,"column":11},"end":{"line":83,"column":133}},"type":"binary-expr","locations":[{"start":{"line":83,"column":11},"end":{"line":83,"column":69}},{"start":{"line":83,"column":73},"end":{"line":83,"column":133}}]}},"s":{"0":6,"1":6,"2":6,"3":6,"4":6,"5":3,"6":54,"7":6,"8":54,"9":24,"10":6,"11":24,"12":6,"13":0,"14":6,"15":6,"16":6,"17":12,"18":12,"19":12,"20":12,"21":6,"22":6,"23":6,"24":12,"25":12,"26":12,"27":12,"28":114,"29":114,"30":114,"31":114,"32":12,"33":12,"34":114,"35":6,"36":1},"f":{"0":6,"1":54,"2":24,"3":6,"4":12,"5":6,"6":6,"7":12,"8":12,"9":12,"10":114,"11":6},"b":{"0":[3],"1":[6],"2":[6],"3":[0],"4":[6,6],"5":[2,10],"6":[6,0,0],"7":[0,0],"8":[6,3]}}
}
