TN:
SF:src/domain/entities/Cpf.ts
FN:16,(anonymous_0)
FN:23,(anonymous_1)
FN:31,(anonymous_2)
FN:42,(anonymous_3)
FN:51,(anonymous_4)
FN:58,(anonymous_5)
FN:62,(anonymous_6)
FN:64,(anonymous_7)
FN:67,(anonymous_8)
FN:78,(anonymous_9)
FN:79,(anonymous_10)
FN:82,(anonymous_11)
FNF:12
FNH:12
FNDA:6,(anonymous_0)
FNDA:54,(anonymous_1)
FNDA:24,(anonymous_2)
FNDA:6,(anonymous_3)
FNDA:12,(anonymous_4)
FNDA:6,(anonymous_5)
FNDA:6,(anonymous_6)
FNDA:12,(anonymous_7)
FNDA:12,(anonymous_8)
FNDA:12,(anonymous_9)
FNDA:114,(anonymous_10)
FNDA:6,(anonymous_11)
DA:8,1
DA:12,6
DA:13,6
DA:14,6
DA:17,6
DA:18,6
DA:19,3
DA:24,54
DA:25,6
DA:28,54
DA:32,24
DA:33,6
DA:39,24
DA:43,6
DA:44,0
DA:46,6
DA:47,6
DA:48,6
DA:52,12
DA:53,12
DA:54,12
DA:55,12
DA:59,6
DA:63,6
DA:64,12
DA:68,12
DA:69,12
DA:70,114
DA:71,114
DA:72,114
DA:73,114
DA:75,12
DA:79,114
DA:83,6
LF:34
LH:33
BRDA:18,0,0,3
BRDA:24,1,0,6
BRDA:32,2,0,6
BRDA:43,3,0,0
BRDA:43,4,0,6
BRDA:43,4,1,6
BRDA:55,5,0,2
BRDA:55,5,1,10
BRDA:59,6,0,6
BRDA:59,6,1,0
BRDA:59,6,2,0
BRDA:59,7,0,0
BRDA:59,7,1,0
BRDA:83,8,0,6
BRDA:83,8,1,3
BRF:15
BRH:10
end_of_record
